2022-05-11 09:46:04,762 RtuMaster /dev/ttyS0 is opened
2022-05-11 09:46:06,768 -> 0-6-0-0-98-123-225-88
2022-05-11 09:46:06,980 -> 0-6-0-1-105-190-119-251
2022-05-11 09:46:06,992 -> 0-5-0-0-255-0-141-235
2022-05-11 09:46:07,004 None
2022-05-11 09:46:09,015 -> 101-6-0-7-27-88-59-37
2022-05-11 09:46:09,051 <- 101-6-0-7-27-88-59-37
2022-05-11 09:46:09,052 -> 102-6-0-7-25-100-58-103
2022-05-11 09:46:09,091 <- 102-6-0-7-25-100-58-103
2022-05-11 09:46:09,092 -> 103-6-0-7-27-88-58-199
2022-05-11 09:46:09,130 <- 103-6-0-7-27-88-58-199
2022-05-11 09:46:09,131 -> 104-6-0-7-11-184-54-112
2022-05-11 09:46:09,165 <- 104-6-0-7-11-184-54-112
2022-05-11 09:46:09,165 -> 105-6-0-7-25-100-58-152
2022-05-11 09:46:09,206 <- 105-6-0-7-25-100-58-152
2022-05-11 09:46:09,207 -> 106-6-0-7-11-184-55-146
2022-05-11 09:46:09,243 <- 106-6-0-7-11-184-55-146
2022-05-11 09:46:09,243 -> 107-6-0-7-27-88-58-11
2022-05-11 09:46:09,274 <- 107-6-0-7-27-88-58-11
2022-05-11 09:46:09,274 -> 108-6-0-7-27-88-59-188
2022-05-11 09:46:09,314 <- 108-6-0-7-27-88-59-188
2022-05-11 09:46:09,315 -> 109-6-0-7-25-100-59-28
2022-05-11 09:46:09,355 <- 109-6-0-7-25-100-59-28
2022-05-11 09:46:09,356 -> 111-6-0-7-27-88-59-143
2022-05-11 09:46:09,392 <- 111-6-0-7-27-88-59-143
2022-05-11 09:46:09,393 -> 112-6-0-7-25-100-56-145
2022-05-11 09:46:09,427 <- 112-6-0-7-25-100-56-145
2022-05-11 09:46:09,428 -> 113-6-0-7-25-100-57-64
2022-05-11 09:46:09,467 <- 113-6-0-7-25-100-57-64
2022-05-11 09:46:09,468 -> 114-6-0-7-25-100-57-115
2022-05-11 09:46:09,500 <- 114-6-0-7-25-100-57-115
2022-05-11 09:46:09,501 -> 115-6-0-7-25-100-56-162
2022-05-11 09:46:09,535 <- 115-6-0-7-25-100-56-162
2022-05-11 09:46:09,535 -> 116-6-0-7-7-208-48-194
2022-05-11 09:46:09,576 <- 116-6-0-7-7-208-48-194
2022-05-11 09:46:09,576 -> 117-6-0-7-25-100-56-196
2022-05-11 09:46:09,610 <- 117-6-0-7-25-100-56-196
2022-05-11 09:46:09,610 -> 118-6-0-7-23-112-60-152
2022-05-11 09:46:09,643 <- 118-6-0-7-23-112-60-152
2022-05-11 09:46:09,644 -> 119-6-0-7-25-100-57-38
2022-05-11 09:46:09,676 <- 119-6-0-7-25-100-57-38
2022-05-11 09:46:09,677 -> 120-6-0-7-25-100-57-217
2022-05-11 09:46:09,722 <- 120-6-0-7-25-100-57-217
2022-05-11 09:46:09,723 -> 121-6-0-7-25-100-56-8
2022-05-11 09:46:09,760 <- 121-6-0-7-25-100-56-8
2022-05-11 09:46:09,761 -> 122-6-0-7-25-100-56-59
2022-05-11 09:46:09,797 <- 122-6-0-7-25-100-56-59
2022-05-11 09:46:09,798 -> 123-6-0-7-25-100-57-234
2022-05-11 09:46:09,838 <- 123-6-0-7-25-100-57-234
2022-05-11 09:46:09,839 -> 124-6-0-7-25-100-56-93
2022-05-11 09:46:09,870 <- 124-6-0-7-25-100-56-93
2022-05-11 09:46:09,871 -> 125-6-0-7-27-88-56-253
2022-05-11 09:46:09,910 <- 125-6-0-7-27-88-56-253
2022-05-11 09:46:09,911 -> 126-6-0-7-27-88-56-206
2022-05-11 09:46:09,943 <- 126-6-0-7-27-88-56-206
2022-05-11 09:46:09,945 -> 127-6-0-7-25-100-56-110
2022-05-11 09:46:09,982 <- 127-6-0-7-25-100-56-110
2022-05-11 09:46:09,983 -> 128-6-0-7-25-100-44-97
2022-05-11 09:46:10,022 <- 128-6-0-7-25-100-44-97
2022-05-11 09:46:10,023 -> 129-6-0-7-25-100-45-176
2022-05-11 09:46:10,055 <- 129-6-0-7-25-100-45-176
2022-05-11 09:46:10,056 -> 130-6-0-7-25-100-45-131
2022-05-11 09:46:10,086 <- 130-6-0-7-25-100-45-131
2022-05-11 09:46:10,087 -> 131-6-0-7-25-100-44-82
2022-05-11 09:46:11,097 <-
2022-05-11 09:46:11,099 -> 132-6-0-7-25-100-45-229
2022-05-11 09:46:11,131 <- 132-6-0-7-25-100-45-229
2022-05-11 09:46:11,132 -> 133-6-0-7-25-100-44-52
2022-05-11 09:46:11,166 <- 133-6-0-7-25-100-44-52
2022-05-11 09:46:11,167 -> 134-6-0-7-25-100-44-7
2022-05-11 09:46:11,206 <- 134-6-0-7-25-100-44-7
2022-05-11 09:46:11,207 -> 135-6-0-7-27-88-44-167
2022-05-11 09:46:11,241 <- 135-6-0-7-27-88-44-167
2022-05-11 09:46:11,242 -> 136-6-0-7-25-100-45-41
2022-05-11 09:46:11,281 <- 136-6-0-7-25-100-45-41
2022-05-11 09:46:11,283 -> 137-6-0-7-25-100-44-248
2022-05-11 09:46:11,314 <- 137-6-0-7-25-100-44-248
2022-05-11 09:46:11,316 -> 138-6-0-7-25-100-44-203
2022-05-11 09:46:11,354 <- 138-6-0-7-25-100-44-203
2022-05-11 09:46:11,355 -> 139-6-0-7-23-112-41-117
2022-05-11 09:46:11,395 <- 139-6-0-7-23-112-41-117
2022-05-11 09:46:11,396 -> 140-6-0-7-25-100-44-173
2022-05-11 09:46:11,436 <- 140-6-0-7-25-100-44-173
2022-05-11 09:46:11,437 -> 141-6-0-7-25-100-45-124
2022-05-11 09:46:11,475 <- 141-6-0-7-25-100-45-124
2022-05-11 09:46:11,476 -> 142-6-0-7-25-100-45-79
2022-05-11 09:46:11,508 <- 142-6-0-7-25-100-45-79
2022-05-11 09:46:11,509 -> 143-6-0-7-25-100-44-158
2022-05-11 09:46:11,544 <- 143-6-0-7-25-100-44-158
2022-05-11 09:46:11,545 -> 144-6-0-7-25-100-46-241
2022-05-11 09:46:11,580 <- 144-6-0-7-25-100-46-241
2022-05-11 09:46:11,581 -> 145-6-0-7-27-88-46-81
2022-05-11 09:46:11,616 <- 145-6-0-7-27-88-46-81
2022-05-11 09:46:11,617 -> 146-6-0-7-25-100-47-19
2022-05-11 09:46:11,653 <- 146-6-0-7-25-100-47-19
2022-05-11 09:46:11,654 -> 147-6-0-7-25-100-46-194
2022-05-11 09:46:11,684 <- 147-6-0-7-25-100-46-194
2022-05-11 09:46:11,686 -> 148-6-0-7-25-100-47-117
2022-05-11 09:46:11,722 <- 148-6-0-7-25-100-47-117
2022-05-11 09:46:11,724 -> 149-6-0-7-25-100-46-164
2022-05-11 09:46:11,760 <- 149-6-0-7-25-100-46-164
2022-05-11 09:46:11,761 -> 150-6-0-7-25-100-46-151
2022-05-11 09:46:11,797 <- 150-6-0-7-25-100-46-151
2022-05-11 09:46:11,798 -> 151-6-0-7-25-100-47-70
2022-05-11 09:46:11,829 <- 151-6-0-7-25-100-47-70
2022-05-11 09:46:11,831 -> 152-6-0-7-25-100-47-185
2022-05-11 09:46:11,871 <- 152-6-0-7-25-100-47-185
2022-05-11 09:46:11,872 -> 153-6-0-7-25-100-46-104
2022-05-11 09:46:11,906 <- 153-6-0-7-25-100-46-104
2022-05-11 09:46:11,907 -> 198-6-0-7-25-100-34-199
2022-05-11 09:46:11,940 <- 198-6-0-7-25-100-34-199
2022-05-11 09:46:11,941 -> 197-6-0-7-21-124-39-254
2022-05-11 09:46:11,978 <- 197-6-0-7-21-124-39-254
2022-05-11 09:46:11,979 -> 196-6-0-7-7-208-42-242
2022-05-11 09:46:12,010 <- 196-6-0-7-7-208-42-242
2022-05-11 09:46:12,011 -> 195-6-0-7-25-100-34-146
2022-05-11 09:46:12,045 <- 195-6-0-7-25-100-34-146
2022-05-11 09:46:12,047 -> 194-6-0-7-25-100-35-67
2022-05-11 09:46:12,080 <- 194-6-0-7-25-100-35-67
2022-05-11 09:46:12,081 -> 193-6-0-7-21-124-38-122
2022-05-11 09:46:12,113 <- 193-6-0-7-21-124-38-122
2022-05-11 09:46:12,115 -> 192-6-0-7-7-208-43-118
2022-05-11 09:46:12,154 <- 192-6-0-7-7-208-43-118
2022-05-11 09:46:12,155 -> 191-6-0-7-25-100-41-110
2022-05-11 09:46:12,187 <- 191-6-0-7-25-100-41-110
2022-05-11 09:46:12,189 -> 190-6-0-7-25-100-40-191
2022-05-11 09:46:12,225 <- 190-6-0-7-25-100-40-191
2022-05-11 09:46:12,226 -> 189-6-0-7-7-208-33-91
2022-05-11 09:46:12,260 <- 189-6-0-7-7-208-33-91
2022-05-11 09:46:12,261 -> 188-6-0-7-25-100-41-93
2022-05-11 09:46:12,297 <- 188-6-0-7-25-100-41-93
2022-05-11 09:46:12,298 -> 187-6-0-7-25-100-40-234
2022-05-11 09:46:12,337 <- 187-6-0-7-25-100-40-234
2022-05-11 09:46:12,338 -> 186-6-0-7-25-100-41-59
2022-05-11 09:46:12,370 <- 186-6-0-7-25-100-41-59
2022-05-11 09:46:12,371 -> 185-6-0-7-27-88-40-121
2022-05-11 09:46:12,404 <- 185-6-0-7-27-88-40-121
2022-05-11 09:46:12,405 -> 184-6-0-7-25-100-40-217
2022-05-11 09:46:12,436 <- 184-6-0-7-25-100-40-217
2022-05-11 09:46:12,438 -> 183-6-0-7-7-208-33-241
2022-05-11 09:46:12,475 <- 183-6-0-7-7-208-33-241
2022-05-11 09:46:12,476 -> 182-6-0-7-25-100-41-247
2022-05-11 09:46:12,511 <- 182-6-0-7-25-100-41-247
2022-05-11 09:46:12,512 -> 181-6-0-7-25-100-41-196
2022-05-11 09:46:12,551 <- 181-6-0-7-25-100-41-196
2022-05-11 09:46:12,552 -> 180-6-0-7-25-100-40-21
2022-05-11 09:46:12,588 <- 180-6-0-7-25-100-40-21
2022-05-11 09:46:12,589 -> 179-6-0-7-25-100-41-162
2022-05-11 09:46:12,620 <- 179-6-0-7-25-100-41-162
2022-05-11 09:46:12,621 -> 178-6-0-7-23-112-44-28
2022-05-11 09:46:12,652 <- 178-6-0-7-23-112-44-28
2022-05-11 09:46:12,653 -> 177-6-0-7-23-112-44-47
2022-05-11 09:46:12,689 <- 177-6-0-7-23-112-44-47
2022-05-11 09:46:12,690 -> 176-6-0-7-25-100-41-145
2022-05-11 09:46:12,726 <- 176-6-0-7-25-100-41-145
2022-05-11 09:46:12,727 -> 175-6-0-7-23-112-47-145
2022-05-11 09:46:12,760 <- 175-6-0-7-23-112-47-145
2022-05-11 09:46:12,761 -> 174-6-0-7-7-208-35-248
2022-05-11 09:46:12,794 <- 174-6-0-7-7-208-35-248
2022-05-11 09:46:12,795 -> 173-6-0-7-25-100-42-28
2022-05-11 09:46:12,828 <- 173-6-0-7-25-100-42-28
2022-05-11 09:46:12,830 -> 172-6-0-7-25-100-43-205
2022-05-11 09:46:12,864 <- 172-6-0-7-25-100-43-205
2022-05-11 09:46:12,865 -> 171-6-0-7-25-100-42-122
2022-05-11 09:46:12,904 <- 171-6-0-7-25-100-42-122
2022-05-11 09:46:12,906 -> 170-6-0-7-25-100-43-171
2022-05-11 09:46:12,942 <- 170-6-0-7-25-100-43-171
2022-05-11 09:46:12,943 -> 169-6-0-7-7-208-34-79
2022-05-11 09:46:12,980 <- 169-6-0-7-7-208-34-79
2022-05-11 09:46:12,981 -> 168-6-0-7-25-100-42-73
2022-05-11 09:46:13,014 <- 168-6-0-7-25-100-42-73
2022-05-11 09:46:13,018 -> 167-6-0-7-25-100-42-182
2022-05-11 09:46:13,057 <- 167-6-0-7-25-100-42-182
2022-05-11 09:46:13,057 -> 166-6-0-7-23-112-47-8
2022-05-11 09:46:13,097 <- 166-6-0-7-23-112-47-8
2022-05-11 09:46:13,097 -> 165-6-0-7-25-100-43-84
2022-05-11 09:46:13,129 <- 165-6-0-7-25-100-43-84
2022-05-11 09:46:13,130 -> 164-6-0-7-25-100-42-133
2022-05-11 09:46:13,175 <- 164-6-0-7-25-100-42-133
2022-05-11 09:46:13,175 -> 163-6-0-7-25-100-43-50
2022-05-11 09:46:13,210 <- 163-6-0-7-25-100-43-50
2022-05-11 09:46:13,210 -> 162-6-0-7-25-100-42-227
2022-05-11 09:46:13,252 <- 162-6-0-7-25-100-42-227
2022-05-11 09:46:13,252 -> 161-6-0-7-25-100-42-208
2022-05-11 09:46:13,292 <- 161-6-0-7-25-100-42-208
2022-05-11 09:46:13,292 -> 160-6-0-7-7-208-34-214
2022-05-11 09:46:13,325 <- 160-6-0-7-7-208-34-214
2022-05-11 09:46:13,325 -> 159-6-0-7-7-208-39-217
2022-05-11 09:46:13,355 <- 159-6-0-7-7-208-39-217
2022-05-11 09:46:13,356 -> 110-6-0-7-11-184-54-22
2022-05-11 09:46:13,393 <- 110-6-0-7-11-184-54-22
2022-05-11 09:46:13,394 -> 154-6-0-7-11-184-35-98
2022-05-11 09:46:13,428 <- 154-6-0-7-11-184-35-98
2022-05-11 09:46:13,428 -> 155-6-0-7-11-184-34-179
2022-05-11 09:46:13,461 <- 155-6-0-7-11-184-34-179
2022-05-11 09:46:13,462 -> 156-6-0-7-11-184-35-4
2022-05-11 09:46:13,497 <- 156-6-0-7-11-184-35-4
2022-05-11 09:46:13,498 -> 157-6-0-7-11-184-34-213
2022-05-11 09:46:13,534 <- 157-6-0-7-11-184-34-213
2022-05-11 09:46:13,534 -> 158-6-0-7-11-184-34-230
2022-05-11 09:46:13,569 <- 158-6-0-7-11-184-34-230
2022-05-11 09:46:13,570 -> 199-6-0-7-11-184-46-47
2022-05-11 09:46:13,607 <- 199-6-0-7-11-184-46-47
2022-05-11 09:46:13,608 -> 200-6-0-7-11-184-46-208
2022-05-11 09:46:13,648 <- 200-6-0-7-11-184-46-208
2022-05-11 09:46:30,672 -> 101-4-0-8-0-1-184-44
2022-05-11 09:46:30,693 <- 101-4-2-8-97-14-208
2022-05-11 09:46:30,694 -> 102-4-0-8-0-1-184-31
2022-05-11 09:46:30,713 <- 102-4-2-8-97-74-208
2022-05-11 09:46:30,714 -> 103-4-0-8-0-1-185-206
2022-05-11 09:46:30,731 <- 103-4-2-10-80-183-164
2022-05-11 09:46:30,731 -> 104-4-0-8-0-1-185-49
2022-05-11 09:46:30,747 <- 104-4-2-10-91-162-98
2022-05-11 09:46:30,747 -> 105-4-0-8-0-1-184-224
2022-05-11 09:46:30,766 <- 105-4-2-1-74-88-158
2022-05-11 09:46:30,766 -> 106-4-0-8-0-1-184-211
2022-05-11 09:46:30,785 <- 106-4-2-11-176-154-125
2022-05-11 09:46:30,786 -> 107-4-0-8-0-1-185-2
2022-05-11 09:46:30,805 <- 107-4-2-7-199-226-155
2022-05-11 09:46:30,806 -> 108-4-0-8-0-1-184-181
2022-05-11 09:46:30,824 <- 108-4-2-0-165-212-130
2022-05-11 09:46:30,825 -> 109-4-0-8-0-1-185-100
2022-05-11 09:46:30,848 <- 109-4-2-5-40-42-119
2022-05-11 09:46:30,848 -> 111-4-0-8-0-1-184-134
2022-05-11 09:46:30,864 <- 111-4-2-18-12-92-92
2022-05-11 09:46:30,864 -> 112-4-0-8-0-1-186-233
2022-05-11 09:46:30,879 <- 112-4-2-7-56-198-217
2022-05-11 09:46:30,880 -> 113-4-0-8-0-1-187-56
2022-05-11 09:46:30,899 <- 113-4-2-6-114-123-126
2022-05-11 09:46:30,900 -> 114-4-0-8-0-1-187-11
2022-05-11 09:46:31,913 <-
2022-05-11 09:46:31,914 -> 115-4-0-8-0-1-186-218
2022-05-11 09:46:31,936 <- 115-4-2-12-63-196-43
2022-05-11 09:46:31,937 -> 116-4-0-8-0-1-187-109
2022-05-11 09:46:31,956 <- 116-4-2-7-199-119-89
2022-05-11 09:46:31,957 -> 117-4-0-8-0-1-186-188
2022-05-11 09:46:31,970 <- 117-4-2-10-245-207-220
2022-05-11 09:46:31,971 -> 118-4-0-8-0-1-186-143
2022-05-11 09:46:31,986 <- 118-4-2-5-40-78-117
2022-05-11 09:46:31,987 -> 119-4-0-8-0-1-187-94
2022-05-11 09:46:32,009 <- 119-4-2-7-23-50-197
2022-05-11 09:46:32,011 -> 120-4-0-8-0-1-187-161
2022-05-11 09:46:32,029 <- 120-4-2-13-137-225-204
2022-05-11 09:46:32,030 -> 121-4-0-8-0-1-186-112
2022-05-11 09:46:32,052 <- 121-4-2-7-23-91-4
2022-05-11 09:46:32,053 -> 122-4-0-8-0-1-186-67
2022-05-11 09:46:32,069 <- 122-4-2-3-57-157-216
2022-05-11 09:46:32,070 -> 123-4-0-8-0-1-187-146
2022-05-11 09:46:32,089 <- 123-4-2-5-205-162-63
2022-05-11 09:46:32,089 -> 124-4-0-8-0-1-186-37
2022-05-11 09:46:32,105 <- 124-4-2-9-6-83-104
2022-05-11 09:46:32,105 -> 125-4-0-8-0-1-187-244
2022-05-11 09:46:32,122 <- 125-4-2-10-80-238-102
2022-05-11 09:46:32,122 -> 126-4-0-8-0-1-187-199
2022-05-11 09:46:32,135 <- 126-4-2-10-80-170-102
2022-05-11 09:46:32,136 -> 127-4-0-8-0-1-186-22
2022-05-11 09:46:32,154 <- 127-4-2-5-205-83-255
2022-05-11 09:46:32,154 -> 128-4-0-8-0-1-174-25
2022-05-11 09:46:32,174 <- 128-4-2-7-188-134-175
2022-05-11 09:46:32,174 -> 129-4-0-8-0-1-175-200
2022-05-11 09:46:32,187 <- 129-4-2-6-114-59-107
2022-05-11 09:46:32,188 -> 130-4-0-8-0-1-175-251
2022-05-11 09:46:32,208 <- 130-4-2-5-205-62-43
2022-05-11 09:46:32,209 -> 131-4-0-8-0-1-174-42
2022-05-11 09:46:32,224 <- 131-4-2-10-245-7-201
2022-05-11 09:46:32,225 -> 132-4-0-8-0-1-175-157
2022-05-11 09:46:32,243 <- 132-4-2-9-171-51-1
2022-05-11 09:46:32,244 -> 133-4-0-8-0-1-174-76
2022-05-11 09:46:32,258 <- 133-4-2-0-165-137-85
2022-05-11 09:46:32,260 -> 134-4-0-8-0-1-174-127
2022-05-11 09:46:32,278 <- 134-4-2-5-40-14-96
2022-05-11 09:46:32,279 -> 135-4-0-8-0-1-175-174
2022-05-11 09:46:32,293 <- 135-4-2-3-222-176-70
2022-05-11 09:46:32,294 -> 136-4-0-8-0-1-175-81
2022-05-11 09:46:32,315 <- 136-4-2-3-222-228-71
2022-05-11 09:46:32,316 -> 137-4-0-8-0-1-174-128
2022-05-11 09:46:32,336 <- 137-4-2-1-250-216-252
2022-05-11 09:46:32,337 -> 138-4-0-8-0-1-174-179
2022-05-11 09:46:32,356 <- 138-4-2-10-245-219-200
2022-05-11 09:46:32,357 -> 139-4-0-8-0-1-175-98
2022-05-11 09:46:32,376 <- 139-4-2-8-97-230-199
2022-05-11 09:46:32,377 -> 140-4-0-8-0-1-174-213
2022-05-11 09:46:32,398 <- 140-4-2-3-232-149-145
2022-05-11 09:46:32,399 -> 141-4-0-8-0-1-175-4
2022-05-11 09:46:32,416 <- 141-4-2-4-76-171-218
2022-05-11 09:46:32,417 -> 142-4-0-8-0-1-175-55
2022-05-11 09:46:32,439 <- 142-4-2-5-40-239-161
2022-05-11 09:46:32,441 -> 143-4-0-8-0-1-174-230
2022-05-11 09:46:32,456 <- 143-4-2-6-114-82-170
2022-05-11 09:46:32,457 -> 144-4-0-8-0-1-172-137
2022-05-11 09:46:32,472 <- 144-4-2-5-40-71-163
2022-05-11 09:46:32,474 -> 145-4-0-8-0-1-173-88
2022-05-11 09:46:33,485 <-
2022-05-11 09:46:33,486 -> 146-4-0-8-0-1-173-107
2022-05-11 09:46:33,505 <- 146-4-2-8-97-251-5
2022-05-11 09:46:33,506 -> 147-4-0-8-0-1-172-186
2022-05-11 09:46:33,526 <- 147-4-2-7-188-3-108
2022-05-11 09:46:33,528 -> 148-4-0-8-0-1-173-13
2022-05-11 09:46:33,544 <- 148-4-2-6-114-54-168
2022-05-11 09:46:33,546 -> 149-4-0-8-0-1-172-220
2022-05-11 09:46:33,562 <- 149-4-2-7-23-202-211
2022-05-11 09:46:33,563 -> 150-4-0-8-0-1-172-239
2022-05-11 09:46:33,578 <- 150-4-2-2-148-204-34
2022-05-11 09:46:33,579 -> 151-4-0-8-0-1-173-62
2022-05-11 09:46:33,601 <- 151-4-2-2-148-241-226
2022-05-11 09:46:33,602 -> 152-4-0-8-0-1-173-193
2022-05-11 09:46:33,623 <- 152-4-2-5-40-166-98
2022-05-11 09:46:33,624 -> 153-4-0-8-0-1-172-16
2022-05-11 09:46:33,648 <- 153-4-2-14-211-221-17
2022-05-11 09:46:33,649 -> 198-4-0-8-0-1-160-191
2022-05-11 09:46:33,671 <- 198-4-2-9-6-138-179
2022-05-11 09:46:33,673 -> 197-4-0-8-0-1-160-140
2022-05-11 09:46:33,689 <- 197-4-2-7-23-10-223
2022-05-11 09:46:33,691 -> 196-4-0-8-0-1-161-93
2022-05-11 09:46:33,711 <- 196-4-2-7-199-54-131
2022-05-11 09:46:33,712 -> 195-4-0-8-0-1-160-234
2022-05-11 09:46:33,727 <- 195-4-2-9-171-135-14
2022-05-11 09:46:33,728 -> 194-4-0-8-0-1-161-59
2022-05-11 09:46:34,741 <-
2022-05-11 09:46:34,741 -> 193-4-0-8-0-1-161-8
2022-05-11 09:46:34,755 <- 193-4-2-7-23-251-31
2022-05-11 09:46:34,756 -> 192-4-0-8-0-1-160-217
2022-05-11 09:46:34,776 <- 192-4-2-7-199-199-67
2022-05-11 09:46:34,776 -> 191-4-0-8-0-1-171-22
2022-05-11 09:46:34,789 <- 191-4-2-6-114-18-174
2022-05-11 09:46:34,790 -> 190-4-0-8-0-1-170-199
2022-05-11 09:46:34,807 <- 190-4-2-0-165-108-144
2022-05-11 09:46:34,807 -> 189-4-0-8-0-1-170-244
2022-05-11 09:46:34,822 <- 189-4-2-7-199-171-73
2022-05-11 09:46:34,823 -> 188-4-0-8-0-1-171-37
2022-05-11 09:46:34,838 <- 188-4-2-0-165-21-80
2022-05-11 09:46:34,839 -> 187-4-0-8-0-1-170-146
2022-05-11 09:46:34,861 <- 187-4-2-7-188-99-106
2022-05-11 09:46:34,862 -> 186-4-0-8-0-1-171-67
2022-05-11 09:46:34,882 <- 186-4-2-7-23-31-21
2022-05-11 09:46:34,883 -> 185-4-0-8-0-1-171-112
2022-05-11 09:46:34,896 <- 185-4-2-0-0-25-43
2022-05-11 09:46:34,897 -> 184-4-0-8-0-1-170-161
2022-05-11 09:46:34,919 <- 184-4-2-8-108-35-6
2022-05-11 09:46:34,921 -> 183-4-0-8-0-1-170-94
2022-05-11 09:46:34,936 <- 183-4-2-7-199-51-72
2022-05-11 09:46:34,937 -> 182-4-0-8-0-1-171-143
2022-05-11 09:46:34,953 <- 182-4-2-4-131-14-75
2022-05-11 09:46:34,954 -> 181-4-0-8-0-1-171-188
2022-05-11 09:46:34,973 <- 181-4-2-7-210-139-71
2022-05-11 09:46:34,974 -> 180-4-0-8-0-1-170-109
2022-05-11 09:46:34,990 <- 180-4-2-11-66-179-235
2022-05-11 09:46:34,991 -> 179-4-0-8-0-1-171-218
2022-05-11 09:46:35,012 <- 179-4-2-5-40-130-100
2022-05-11 09:46:35,013 -> 178-4-0-8-0-1-170-11
2022-05-11 09:46:35,034 <- 178-4-2-5-205-126-47
2022-05-11 09:46:35,035 -> 177-4-0-8-0-1-170-56
2022-05-11 09:46:35,051 <- 177-4-2-7-188-251-107
2022-05-11 09:46:35,052 -> 176-4-0-8-0-1-171-233
2022-05-11 09:46:35,068 <- 176-4-2-5-40-198-100
2022-05-11 09:46:35,069 -> 175-4-0-8-0-1-169-134
2022-05-11 09:46:35,091 <- 175-4-2-4-131-19-137
2022-05-11 09:46:35,092 -> 174-4-0-8-0-1-168-87
2022-05-11 09:46:35,106 <- 174-4-2-7-199-46-138
2022-05-11 09:46:35,107 -> 173-4-0-8-0-1-168-100
2022-05-11 09:46:36,117 <-
2022-05-11 09:46:36,118 -> 172-4-0-8-0-1-169-181
2022-05-11 09:46:36,136 <- 172-4-2-6-114-151-109
2022-05-11 09:46:36,137 -> 171-4-0-8-0-1-168-2
2022-05-11 09:46:36,156 <- 171-4-2-3-57-97-202
2022-05-11 09:46:36,157 -> 170-4-0-8-0-1-169-211
2022-05-11 09:46:36,174 <- 170-4-2-8-97-90-192
2022-05-11 09:46:36,175 -> 169-4-0-8-0-1-169-224
2022-05-11 09:46:36,192 <- 169-4-2-7-199-155-74
2022-05-11 09:46:36,193 -> 168-4-0-8-0-1-168-49
2022-05-11 09:46:37,205 <-
2022-05-11 09:46:37,206 -> 167-4-0-8-0-1-168-206
2022-05-11 09:46:37,219 <- 167-4-2-0-165-113-82
2022-05-11 09:46:37,220 -> 166-4-0-8-0-1-169-31
2022-05-11 09:46:37,239 <- 166-4-2-8-97-74-193
2022-05-11 09:46:37,240 -> 165-4-0-8-0-1-169-44
2022-05-11 09:46:37,259 <- 165-4-2-5-205-10-44
2022-05-11 09:46:37,261 -> 164-4-0-8-0-1-168-253
2022-05-11 09:46:37,282 <- 164-4-2-9-171-178-198
2022-05-11 09:46:37,283 -> 163-4-0-8-0-1-169-74
2022-05-11 09:46:37,302 <- 163-4-2-5-205-130-44
2022-05-11 09:46:37,303 -> 162-4-0-8-0-1-168-155
2022-05-11 09:46:37,322 <- 162-4-2-0-165-189-82
2022-05-11 09:46:37,324 -> 161-4-0-8-0-1-168-168
2022-05-11 09:46:37,342 <- 161-4-2-7-78-187-45
2022-05-11 09:46:37,344 -> 160-4-0-8-0-1-169-121
2022-05-11 09:46:37,365 <- 160-4-2-4-131-71-136
2022-05-11 09:46:37,366 -> 159-4-0-8-0-1-172-118
2022-05-11 09:46:37,379 <- 159-4-2-7-199-83-78
2022-05-11 09:46:37,380 -> 110-4-0-8-0-1-185-87
2022-05-11 09:46:37,393 <- 110-4-2-0-165-173-66
2022-05-11 09:46:37,394 -> 154-4-0-8-0-1-172-35
2022-05-11 09:46:37,408 <- 154-4-2-0-0-220-236
2022-05-11 09:46:37,409 -> 155-4-0-8-0-1-173-242
2022-05-11 09:46:37,423 <- 155-4-2-11-176-231-168
2022-05-11 09:46:37,423 -> 156-4-0-8-0-1-172-69
2022-05-11 09:46:37,437 <- 156-4-2-11-176-82-104
2022-05-11 09:46:37,438 -> 157-4-0-8-0-1-173-148
2022-05-11 09:46:37,454 <- 157-4-2-11-176-111-168
2022-05-11 09:46:37,455 -> 158-4-0-8-0-1-173-167
2022-05-11 09:46:37,470 <- 158-4-2-11-176-43-168
2022-05-11 09:46:37,471 -> 199-4-0-8-0-1-161-110
2022-05-11 09:46:37,488 <- 199-4-2-11-176-55-165
2022-05-11 09:46:37,489 -> 200-4-0-8-0-1-161-145
2022-05-11 09:46:37,509 <- 200-4-2-11-176-99-164
2022-05-11 09:46:37,510 -> 0-5-0-0-255-0-141-235
2022-05-11 09:46:37,520 None
2022-05-11 09:46:37,520 -> 0-6-0-0-98-123-225-88
2022-05-11 09:46:37,732 -> 0-6-0-1-105-221-55-210
